2025-10-01 14:15:34 [INFO]: SIGINT received, shutting down gracefully
2025-10-01 14:20:18 [INFO]: SIGINT received, shutting down gracefully
2025-10-01 15:54:53 [ERROR]: Uncaught Exception: write EIO
2025-10-01 20:09:13 [WARN]: HTTP Request
2025-10-01 20:10:18 [WARN]: HTTP Request
2025-10-01 20:10:29 [INFO]: New user registered: test1@unwrap.dev
2025-10-01 20:10:29 [INFO]: HTTP Request
2025-10-02 10:01:17 [WARN]: HTTP Request
2025-10-02 10:03:38 [WARN]: HTTP Request
2025-10-02 10:04:12 [WARN]: HTTP Request
2025-10-02 10:05:39 [INFO]: User logged in: test1@unwrap.dev
2025-10-02 10:05:39 [INFO]: HTTP Request
2025-10-02 10:11:58 [INFO]: User logged in: test1@unwrap.dev
2025-10-02 10:11:58 [INFO]: HTTP Request
2025-10-02 10:13:26 [INFO]: User logged in: test1@unwrap.dev
2025-10-02 10:13:26 [INFO]: HTTP Request
2025-10-02 10:36:46 [WARN]: HTTP Request
2025-10-02 10:37:20 [INFO]: HTTP Request
2025-10-02 10:51:39 [WARN]: HTTP Request
2025-10-02 10:53:01 [WARN]: HTTP Request
2025-10-02 11:01:23 [WARN]: HTTP Request
2025-10-02 11:02:00 [WARN]: HTTP Request
2025-10-02 11:02:45 [WARN]: HTTP Request
2025-10-02 11:08:20 [INFO]: HTTP Request
2025-10-02 11:09:22 [INFO]: HTTP Request
2025-10-02 14:05:39 [INFO]: HTTP Request
2025-10-02 14:05:53 [WARN]: HTTP Request
2025-10-02 14:06:06 [WARN]: HTTP Request
2025-10-02 14:06:53 [WARN]: HTTP Request
2025-10-02 14:47:29 [WARN]: HTTP Request
2025-10-02 14:48:31 [WARN]: HTTP Request
2025-10-02 14:49:17 [WARN]: HTTP Request
2025-10-02 14:50:57 [WARN]: HTTP Request
2025-10-02 14:51:46 [INFO]: SIGINT received, shutting down gracefully
2025-10-02 14:51:57 [WARN]: HTTP Request
2025-10-02 14:54:07 [WARN]: HTTP Request
2025-10-02 14:54:27 [WARN]: HTTP Request
2025-10-02 14:54:52 [INFO]: User logged in: test1@unwrap.dev
2025-10-02 14:54:52 [INFO]: HTTP Request
2025-10-02 14:54:59 [WARN]: HTTP Request
2025-10-02 14:55:30 [WARN]: HTTP Request
2025-10-02 14:57:14 [WARN]: Rate limit exceeded for IP: ::/56 on /refresh
2025-10-02 14:57:40 [WARN]: Rate limit exceeded for IP: ::/56 on /refresh
2025-10-02 14:57:59 [WARN]: Rate limit exceeded for IP: ::/56 on /refresh
2025-10-02 15:04:07 [WARN]: Rate limit exceeded for IP: ::/56 on /refresh
2025-10-03 12:27:57 [INFO]: User logged in: test1@unwrap.dev
2025-10-03 12:27:57 [INFO]: HTTP Request
2025-10-03 12:28:51 [INFO]: HTTP Request
2025-10-03 12:30:44 [INFO]: HTTP Request
2025-10-03 12:31:02 [INFO]: HTTP Request
2025-10-03 12:35:19 [WARN]: HTTP Request
2025-10-03 12:35:35 [INFO]: Password reset token generated for user: test1@unwrap.dev
2025-10-03 12:35:35 [INFO]: HTTP Request
2025-10-03 12:45:05 [WARN]: HTTP Request
2025-10-03 12:45:37 [INFO]: Password reset completed for user: test1@unwrap.dev
2025-10-03 12:45:37 [INFO]: HTTP Request
2025-10-03 12:56:10 [WARN]: HTTP Request
2025-10-03 12:56:23 [INFO]: Email verification token generated for user: test1@unwrap.dev
2025-10-03 12:56:23 [INFO]: HTTP Request
2025-10-03 12:59:11 [INFO]: Email verified for user: test1@unwrap.dev
2025-10-03 12:59:11 [INFO]: HTTP Request
2025-10-03 13:11:00 [WARN]: HTTP Request
2025-10-03 13:11:15 [INFO]: Password changed for user: test1@unwrap.dev
2025-10-03 13:11:15 [INFO]: HTTP Request
2025-10-03 13:20:45 [WARN]: HTTP Request
2025-10-03 13:21:25 [INFO]: User logged in: test1@unwrap.dev
2025-10-03 13:21:25 [INFO]: HTTP Request
2025-10-03 13:21:46 [WARN]: HTTP Request
2025-10-03 13:22:12 [INFO]: User logged in: test1@unwrap.dev
2025-10-03 13:22:12 [INFO]: HTTP Request
2025-10-03 13:22:18 [INFO]: User logged out: test1@unwrap.dev
2025-10-03 13:22:18 [INFO]: HTTP Request
2025-10-03 13:22:53 [WARN]: HTTP Request
2025-10-03 13:23:00 [INFO]: User logged in: test1@unwrap.dev
2025-10-03 13:23:00 [INFO]: HTTP Request
2025-10-03 13:23:05 [INFO]: HTTP Request
